==================================================================================================================================================

       *************************************  ****        ****  ************   ***********   ****        ****     ****       ***********     
       *************************************   *****      **** **************  *************  *****      ****     ******    **************   
       ***************      ****************   *****      **** **************  ************** *****      ****    ********   ***************  
       **********                ***********   *****     ****  **************  ************** *****     ****    *********   ***************  
       *********                  **********   *****     **** *************** *************** *****     ****   **********   ***************  
       *******     ***********      ********   *****     **** *************** ***************  ****     ****  ***********   ***************  
       ******    ***************    ********    ****     **** *************** ***************  *****    ****  ***********   ***************  
       *****    *****************    *******    *****    ****  *****     ****  ****      ****  *****    ****  ****** ****    *****     ****  
       *****    *******************   ******     ****   ****   ****      ****  *****     ****  *****    ****  ***********    ****      ****  
       **********        ********     ******     ****   ****   ****      ****  ****      ****   ****   ****   *****  ****    ****      ****  
       *********       ********            *     ****  ****    ****      ****  ****      ****   ****   ****   *****  ****    ****     ****   
       *             ***********************     ****  ****    ****      ****  ****     ****    ****  ****    *****  ****    ****     ****   
       ****    *******************   *******     ****  ****    ****     ****   ****     ****    ****  ****    *****  ****   ****      ****   
       *************************     *******     ****  ****    ****     ****   ****     ****    ****  ****    ****   ****   ****      ****   
       *****     **************     ********     ***** ****   ****      ****  ****      ****    **** ****    *****   ****   ****      ****   
       ******     ************      ********     *********    ****      ****  ****      ****    **** ****    ************   ****      ****   
       *******      ********       *********     **** ****    *************** **************    **** ****    ************   ****     *****   
       ********                  ***********     *********    **************  **************    *********    ************   ****     *****   
       **********              *************     ********     **************  **************    *********    ************   ****     *****   
       **************      *****************     ********     *************   *************     ********     *****   ****   ****     *****   
       *************************************      *******     *************   *************      ******     *****     **** ****      *****   
       *************************************      *******      ***********     ***********        ****     *****      **** ****      *****   

--------------------------------------------------------------------------------------------------------------------------------------------------
[INFO] [2021-01-27 12:25:39:350 CST] [Thread:Thread-1] [Time:41] (WebServer.java:506) 
--------------------------------------------------------------------------------------------------------------------------------------------------
None WebServer lifeCycle class to load.


===================================================================================================================================================
===================================================================================================================================================
===================================================================================================================================================
[HTTP] Load HttpModule [null] on [/] by [org.voovan.http.server.module.annontationRouter.AnnotationModule]
==================================================================================================================================================

       *************************************  ****        ****  ************   ***********   ****        ****     ****       ***********     
       *************************************   *****      **** **************  *************  *****      ****     ******    **************   
       ***************      ****************   *****      **** **************  ************** *****      ****    ********   ***************  
       **********                ***********   *****     ****  **************  ************** *****     ****    *********   ***************  
       *********                  **********   *****     **** *************** *************** *****     ****   **********   ***************  
       *******     ***********      ********   *****     **** *************** ***************  ****     ****  ***********   ***************  
       ******    ***************    ********    ****     **** *************** ***************  *****    ****  ***********   ***************  
       *****    *****************    *******    *****    ****  *****     ****  ****      ****  *****    ****  ****** ****    *****     ****  
       *****    *******************   ******     ****   ****   ****      ****  *****     ****  *****    ****  ***********    ****      ****  
       **********        ********     ******     ****   ****   ****      ****  ****      ****   ****   ****   *****  ****    ****      ****  
       *********       ********            *     ****  ****    ****      ****  ****      ****   ****   ****   *****  ****    ****     ****   
       *             ***********************     ****  ****    ****      ****  ****     ****    ****  ****    *****  ****    ****     ****   
       ****    *******************   *******     ****  ****    ****     ****   ****     ****    ****  ****    *****  ****   ****      ****   
       *************************     *******     ****  ****    ****     ****   ****     ****    ****  ****    ****   ****   ****      ****   
       *****     **************     ********     ***** ****   ****      ****  ****      ****    **** ****    *****   ****   ****      ****   
       ******     ************      ********     *********    ****      ****  ****      ****    **** ****    ************   ****      ****   
       *******      ********       *********     **** ****    *************** **************    **** ****    ************   ****     *****   
       ********                  ***********     *********    **************  **************    *********    ************   ****     *****   
       **********              *************     ********     **************  **************    *********    ************   ****     *****   
       **************      *****************     ********     *************   *************     ********     *****   ****   ****     *****   
       *************************************      *******     *************   *************      ******     *****     **** ****      *****   
       *************************************      *******      ***********     ***********        ****     *****      **** ****      *****   

--------------------------------------------------------------------------------------------------------------------------------------------------
[INFO] [2021-01-27 12:25:39:377 CST] [Thread:Thread-2] [Time:68] (WebServer.java:506) 
--------------------------------------------------------------------------------------------------------------------------------------------------
None WebServer lifeCycle class to load.


===================================================================================================================================================
===================================================================================================================================================
===================================================================================================================================================
[HTTP] Load HttpModule [null] on [/] by [org.voovan.http.server.module.annontationRouter.AnnotationModule]
==================================================================================================================================================
==================================================================================================================================================
  ReadTimeout:                     30
  ReadTimeout:                     30
  SendTimeout:                     30
  SendTimeout:                     30
  ContextPath:                     WEBAPP
  ContextPath:                     WEBAPP
  CharacterSet:                    UTF-8
  CharacterSet:                    UTF-8
  SessionContainer:                org.voovan.tools.collection.CacheMap
  SessionContainer:                org.voovan.tools.collection.CacheMap
  SessionTimeout:                  30
  SessionTimeout:                  30
  KeepAliveTimeout:                60
  KeepAliveTimeout:                60
  MatchRouteIgnoreCase:            false
  MatchRouteIgnoreCase:            false
  Gzip:                            true
  Gzip:                            true
  GzipMinSize:                     2048
  GzipMinSize:                     2048
  GzipMimeType:                    [text/html, text/xml, text/javascript, application/javascript, text/css, text/plain, text/json, application/json]
  GzipMimeType:                    [text/html, text/xml, text/javascript, application/javascript, text/css, text/plain, text/json, application/json]
  AccessLog:                       false
  AccessLog:                       false
  Cache:                           false
  Cache:                           false
  PauseURL:                        null
  PauseURL:                        null
  MaxRequestSize:                  2048
  MaxRequestSize:                  2048
  AuthToken:                       BO3Yn2sl5JIBr2DWY2Et7iX
  AuthToken:                       BO3Yn2sl5JIBr2DWY2Et7iX
  Listen: http://localhost:19862
  Listen: http://localhost:19861
  Time: 	2021-01-27 12:25:39
  Time: 	2021-01-27 12:25:39
[THREAD_POOL] Default Min size: 1
[THREAD_POOL] Default Max size: 1
--------------------------------------------------------------------------------------------------------------------------------------------------
[INFO] [2021-01-27 12:26:07:579 CST] [Thread:Thread-5] [Time:28270] (SocketContext.java:524) 
--------------------------------------------------------------------------------------------------------------------------------------------------
All IO thread is shutdown


--------------------------------------------------------------------------------------------------------------------------------------------------
[INFO] [2021-01-27 12:26:07:580 CST] [Thread:Thread-7] [Time:28271] (SocketContext.java:524) 
--------------------------------------------------------------------------------------------------------------------------------------------------
All IO thread is shutdown


==================================================================================================================================================

       *************************************  ****        ****  ************   ***********   ****        ****     ****       ***********     
       *************************************   *****      **** **************  *************  *****      ****     ******    **************   
       ***************      ****************   *****      **** **************  ************** *****      ****    ********   ***************  
       **********                ***********   *****     ****  **************  ************** *****     ****    *********   ***************  
       *********                  **********   *****     **** *************** *************** *****     ****   **********   ***************  
       *******     ***********      ********   *****     **** *************** ***************  ****     ****  ***********   ***************  
       ******    ***************    ********    ****     **** *************** ***************  *****    ****  ***********   ***************  
       *****    *****************    *******    *****    ****  *****     ****  ****      ****  *****    ****  ****** ****    *****     ****  
       *****    *******************   ******     ****   ****   ****      ****  *****     ****  *****    ****  ***********    ****      ****  
       **********        ********     ******     ****   ****   ****      ****  ****      ****   ****   ****   *****  ****    ****      ****  
       *********       ********            *     ****  ****    ****      ****  ****      ****   ****   ****   *****  ****    ****     ****   
       *             ***********************     ****  ****    ****      ****  ****     ****    ****  ****    *****  ****    ****     ****   
       ****    *******************   *******     ****  ****    ****     ****   ****     ****    ****  ****    *****  ****   ****      ****   
       *************************     *******     ****  ****    ****     ****   ****     ****    ****  ****    ****   ****   ****      ****   
       *****     **************     ********     ***** ****   ****      ****  ****      ****    **** ****    *****   ****   ****      ****   
       ******     ************      ********     *********    ****      ****  ****      ****    **** ****    ************   ****      ****   
       *******      ********       *********     **** ****    *************** **************    **** ****    ************   ****     *****   
       ********                  ***********     *********    **************  **************    *********    ************   ****     *****   
       **********              *************     ********     **************  **************    *********    ************   ****     *****   
       **************      *****************     ********     *************   *************     ********     *****   ****   ****     *****   
       *************************************      *******     *************   *************      ******     *****     **** ****      *****   
       *************************************      *******      ***********     ***********        ****     *****      **** ****      *****   

--------------------------------------------------------------------------------------------------------------------------------------------------
[INFO] [2021-01-27 12:58:47:652 CST] [Thread:Thread-1] [Time:24] (WebServer.java:506) 
--------------------------------------------------------------------------------------------------------------------------------------------------
None WebServer lifeCycle class to load.


===================================================================================================================================================
===================================================================================================================================================
===================================================================================================================================================
[HTTP] Load HttpModule [null] on [/] by [org.voovan.http.server.module.annontationRouter.AnnotationModule]
==================================================================================================================================================

       *************************************  ****        ****  ************   ***********   ****        ****     ****       ***********     
       *************************************   *****      **** **************  *************  *****      ****     ******    **************   
       ***************      ****************   *****      **** **************  ************** *****      ****    ********   ***************  
       **********                ***********   *****     ****  **************  ************** *****     ****    *********   ***************  
       *********                  **********   *****     **** *************** *************** *****     ****   **********   ***************  
       *******     ***********      ********   *****     **** *************** ***************  ****     ****  ***********   ***************  
       ******    ***************    ********    ****     **** *************** ***************  *****    ****  ***********   ***************  
       *****    *****************    *******    *****    ****  *****     ****  ****      ****  *****    ****  ****** ****    *****     ****  
       *****    *******************   ******     ****   ****   ****      ****  *****     ****  *****    ****  ***********    ****      ****  
       **********        ********     ******     ****   ****   ****      ****  ****      ****   ****   ****   *****  ****    ****      ****  
       *********       ********            *     ****  ****    ****      ****  ****      ****   ****   ****   *****  ****    ****     ****   
       *             ***********************     ****  ****    ****      ****  ****     ****    ****  ****    *****  ****    ****     ****   
       ****    *******************   *******     ****  ****    ****     ****   ****     ****    ****  ****    *****  ****   ****      ****   
       *************************     *******     ****  ****    ****     ****   ****     ****    ****  ****    ****   ****   ****      ****   
       *****     **************     ********     ***** ****   ****      ****  ****      ****    **** ****    *****   ****   ****      ****   
       ******     ************      ********     *********    ****      ****  ****      ****    **** ****    ************   ****      ****   
       *******      ********       *********     **** ****    *************** **************    **** ****    ************   ****     *****   
       ********                  ***********     *********    **************  **************    *********    ************   ****     *****   
       **********              *************     ********     **************  **************    *********    ************   ****     *****   
       **************      *****************     ********     *************   *************     ********     *****   ****   ****     *****   
       *************************************      *******     *************   *************      ******     *****     **** ****      *****   
       *************************************      *******      ***********     ***********        ****     *****      **** ****      *****   

--------------------------------------------------------------------------------------------------------------------------------------------------
[INFO] [2021-01-27 12:58:47:676 CST] [Thread:Thread-2] [Time:47] (WebServer.java:506) 
--------------------------------------------------------------------------------------------------------------------------------------------------
None WebServer lifeCycle class to load.


===================================================================================================================================================
===================================================================================================================================================
===================================================================================================================================================
[HTTP] Load HttpModule [null] on [/] by [org.voovan.http.server.module.annontationRouter.AnnotationModule]
==================================================================================================================================================
==================================================================================================================================================
  ReadTimeout:                     30
  SendTimeout:                     30
  ReadTimeout:                     30
  ContextPath:                     WEBAPP
  SendTimeout:                     30
  CharacterSet:                    UTF-8
  ContextPath:                     WEBAPP
  CharacterSet:                    UTF-8
  SessionContainer:                org.voovan.tools.collection.CacheMap
  SessionContainer:                org.voovan.tools.collection.CacheMap
  SessionTimeout:                  30
  SessionTimeout:                  30
  KeepAliveTimeout:                60
  KeepAliveTimeout:                60
  MatchRouteIgnoreCase:            false
  MatchRouteIgnoreCase:            false
  Gzip:                            true
  Gzip:                            true
  GzipMinSize:                     2048
  GzipMinSize:                     2048
  GzipMimeType:                    [text/html, text/xml, text/javascript, application/javascript, text/css, text/plain, text/json, application/json]
  GzipMimeType:                    [text/html, text/xml, text/javascript, application/javascript, text/css, text/plain, text/json, application/json]
  AccessLog:                       false
  AccessLog:                       false
  Cache:                           false
  Cache:                           false
  PauseURL:                        null
  PauseURL:                        null
  MaxRequestSize:                  2048
  MaxRequestSize:                  2048
  AuthToken:                       BO3Yn2sl5JIBr2DWY2Et7iX
  AuthToken:                       BO3Yn2sl5JIBr2DWY2Et7iX
  Listen: http://localhost:19862
  Listen: http://localhost:19861
  Time: 	2021-01-27 12:58:48
  Time: 	2021-01-27 12:58:48
[THREAD_POOL] Default Min size: 1
[THREAD_POOL] Default Max size: 1
--------------------------------------------------------------------------------------------------------------------------------------------------
[INFO] [2021-01-27 12:58:54:193 CST] [Thread:Thread-5] [Time:6565] (SocketContext.java:524) 
--------------------------------------------------------------------------------------------------------------------------------------------------
All IO thread is shutdown


--------------------------------------------------------------------------------------------------------------------------------------------------
[INFO] [2021-01-27 12:58:54:194 CST] [Thread:Thread-7] [Time:6565] (SocketContext.java:524) 
--------------------------------------------------------------------------------------------------------------------------------------------------
All IO thread is shutdown


